<?xml version="1.0" encoding="UTF-8"?>
<testsuite name="WordPuzzleTest" tests="3" skipped="0" failures="0" errors="0" timestamp="2016-02-12T16:17:53" hostname="epicodus-51.local" time="0.001">
  <properties/>
  <testcase name="vowelRemover_RemoveAllAsFromString_lowercase" classname="WordPuzzleTest" time="0.001"/>
  <testcase name="vowelRemover_RemoveAllEsFromString_lowercase" classname="WordPuzzleTest" time="0.0"/>
  <testcase name="vowelRemover_RemoveAllIsFromString_lowercase" classname="WordPuzzleTest" time="0.0"/>
  <system-out><![CDATA[]]></system-out>
  <system-err><![CDATA[]]></system-err>
</testsuite>
